#
# A fatal error has been detected by the Java Runtime Environment:
#
#  EXCEPTION_ACCESS_VIOLATION (0xc0000005) at pc=0x00007ff863e91bc5, pid=10188, tid=11396
#
# JRE version:  (21.0.2+13) (build )
# Java VM: Java HotSpot(TM) 64-Bit Server VM (21.0.2+13-LTS-58, mixed mode, sharing, tiered, compressed class ptrs, unknown gc, windows-amd64)
# Problematic frame:
# C  [jimage.dll+0x1bc5]
#
# No core dump will be written. Minidumps are not enabled by default on client versions of Windows
#
#

---------------  S U M M A R Y ------------

Command Line: 

Host: Intel(R) Core(TM) i5-4570 CPU @ 3.20GHz, 4 cores, 7G,  Windows 10 , 64 bit Build 19041 (10.0.19041.3636)
Time: Fri Feb 23 15:54:22 2024 India Standard Time elapsed time: 0.861590 seconds (0d 0h 0m 0s)

---------------  T H R E A D  ---------------

Current thread is native thread

Stack: [0x000000c8a9600000,0x000000c8a9700000],  sp=0x000000c8a96fd800,  free space=1014k
Native frames: (J=compiled Java code, j=interpreted, Vv=VM code, C=native code)
C  [jimage.dll+0x1bc5]
C  [jimage.dll+0x1d53]
C  [jimage.dll+0x261d]
V  [jvm.dll+0x21fdd0]
V  [jvm.dll+0xc8517]
V  [jvm.dll+0x80775c]
V  [jvm.dll+0x44f50e]
V  [jvm.dll+0x450e11]
C  [jli.dll+0x52a3]
C  [ucrtbase.dll+0x21bb2]
C  [KERNEL32.DLL+0x17344]
C  [ntdll.dll+0x526b1]


siginfo: EXCEPTION_ACCESS_VIOLATION (0xc0000005), reading address 0x000000000000c07c


Registers:
RAX=0x0000000000003018, RBX=0x000000c8a96fd8f1, RCX=0x00007ff863e96000, RDX=0x0000000000003018
RSP=0x000000c8a96fd800, RBP=0x000000c8a96fd8f0, RSI=0x0000000000007714, RDI=0x000000c8a96fd8f0
R8 =0x00007ff863e94298, R9 =0x000000000000001c, R10=0x00007ff8450f0000, R11=0x00007ff863e96000
R12=0x0000000000000000, R13=0x000000c8a96ffd70, R14=0x000000c8a96fe960, R15=0x00007ff824cb39e0
RIP=0x00007ff863e91bc5, EFLAGS=0x0000000000010246


Top of Stack: (sp=0x000000c8a96fd800)
0x000000c8a96fd800:   0000000000000050 00000000000003ff
0x000000c8a96fd810:   0000029f50497ab0 000000c8a96fd970
0x000000c8a96fd820:   0000029f4e2f63b0 00007ff863e91d53
0x000000c8a96fd830:   000000000000000b 0000029f4e2f63b0
0x000000c8a96fd840:   000000c8a96fd891 0000000000000101
0x000000c8a96fd850:   0000029f4e2f0150 0000000000000050
0x000000c8a96fd860:   0000029f4e2f7bd0 0000029f4e2f0150
0x000000c8a96fd870:   00000000000006f5 0000000000000151
0x000000c8a96fd880:   0000029f50480000 00007ff87176e2a9
0x000000c8a96fd890:   0000ebc9bd6a436c 00000000ef0000ef
0x000000c8a96fd8a0:   00007ff824c91460 0000000000000017
0x000000c8a96fd8b0:   0000029f4e2f63b0 000000c8a96fe960
0x000000c8a96fd8c0:   000000000000000b 00007ff863e9261d
0x000000c8a96fd8d0:   0000000000000650 0000000000000650
0x000000c8a96fd8e0:   0000000000000650 0000029f4e2f0000
0x000000c8a96fd8f0:   61622e6176616a2f 692f6b646a2f6573
0x000000c8a96fd900:   2f6c616e7265746e 6f6974706f2f6d76
0x000000c8a96fd910:   0000029f4e00736e 00007ff8000003ff
0x000000c8a96fd920:   0000000000000650 0000029f50498ad0
0x000000c8a96fd930:   0000000000000650 00007ff87176ead2
0x000000c8a96fd940:   0000029f50498ac0 0000029f50480000
0x000000c8a96fd950:   0000029f4e2f0000 0000029f50498ac0
0x000000c8a96fd960:   0000029f000003ff 0000000000000650
0x000000c8a96fd970:   0000029f50480000 0000029f05010004
0x000000c8a96fd980:   0000029f4e2f7b80 0000000000005e90
0x000000c8a96fd990:   00000000000005e9 0000029f4e2f0150
0x000000c8a96fd9a0:   0000029f50498ac0 00007ff87175e3a9
0x000000c8a96fd9b0:   0000029f4e2f0000 000000c8a96fda00
0x000000c8a96fd9c0:   0000000000000000 0000000000000000
0x000000c8a96fd9d0:   0000000000001000 0000000000000000
0x000000c8a96fd9e0:   0000000000000004 00007ff86e4aef82
0x000000c8a96fd9f0:   000000c8a96fda40 000000c8a96fda10 

Instructions: (pc=0x00007ff863e91bc5)
0x00007ff863e91ac5:   48 85 c9 74 1d 80 3d 3f 45 00 00 00 74 06 48 8b
0x00007ff863e91ad5:   53 18 eb 04 48 8b 53 40 e8 9a 0e 00 00 48 83 63
0x00007ff863e91ae5:   48 00 8b 4b 0c 83 f9 ff 74 09 e8 d0 0c 00 00 83
0x00007ff863e91af5:   4b 0c ff 48 8b 4b 70 48 85 c9 74 0f ba 10 00 00
0x00007ff863e91b05:   00 e8 f1 0e 00 00 48 83 63 70 00 48 83 c4 20 5b
0x00007ff863e91b15:   c3 cc cc 40 53 48 83 ec 20 48 8b d9 48 8d 0d f8
0x00007ff863e91b25:   46 00 00 e8 9f 0c 00 00 83 6b 08 01 75 24 48 8b
0x00007ff863e91b35:   d3 48 8d 0d db 44 00 00 e8 22 08 00 00 48 8b cb
0x00007ff863e91b45:   e8 d6 fe ff ff ba 78 00 00 00 48 8b cb e8 a5 0e
0x00007ff863e91b55:   00 00 48 8d 0d c2 46 00 00 48 83 c4 20 5b e9 6c
0x00007ff863e91b65:   0c 00 00 48 89 5c 24 08 48 89 74 24 10 57 48 83
0x00007ff863e91b75:   ec 20 41 8b f1 4d 8b c8 48 8b fa 4c 8b d9 4d 85
0x00007ff863e91b85:   c0 74 78 85 f6 74 74 44 8a 12 48 8d 5a 01 48 8b
0x00007ff863e91b95:   d3 b8 93 01 00 01 eb 12 69 c0 93 01 00 01 41 0f
0x00007ff863e91ba5:   b6 ca 44 8a 12 33 c1 48 ff c2 45 84 d2 75 e9 4d
0x00007ff863e91bb5:   8b 03 0f ba f0 1f 33 d2 49 8b cb f7 f6 48 63 c2
0x00007ff863e91bc5:   41 8b 14 81 41 ff 50 08 85 c0 7e 24 8a 0f eb 10
0x00007ff863e91bd5:   69 c0 93 01 00 01 0f b6 c9 33 c1 8a 0b 48 ff c3
0x00007ff863e91be5:   84 c9 75 ec 0f ba f0 1f 33 d2 f7 f6 8b c2 eb 0e
0x00007ff863e91bf5:   79 09 83 c9 ff 2b c8 8b c1 eb 03 83 c8 ff 48 8b
0x00007ff863e91c05:   5c 24 30 48 8b 74 24 38 48 83 c4 20 5f c3 cc 48
0x00007ff863e91c15:   89 5c 24 08 48 89 74 24 10 57 48 83 ec 20 48 8b
0x00007ff863e91c25:   f1 48 8d 0d f3 45 00 00 e8 9a 0b 00 00 33 ff 39
0x00007ff863e91c35:   3d de 43 00 00 76 24 48 8b 05 dd 43 00 00 48 8b
0x00007ff863e91c45:   d6 48 8b 1c f8 48 8b 0b e8 68 1e 00 00 85 c0 74
0x00007ff863e91c55:   2b ff c7 3b 3d ba 43 00 00 72 dc 33 db 48 8d 0d
0x00007ff863e91c65:   b7 45 00 00 e8 66 0b 00 00 48 8b 74 24 38 48 8b
0x00007ff863e91c75:   c3 48 8b 5c 24 30 48 83 c4 20 5f c3 ff 43 08 eb
0x00007ff863e91c85:   dc cc cc 48 89 5c 24 08 48 89 74 24 10 57 48 83
0x00007ff863e91c95:   ec 20 48 8b d9 48 8b f2 48 8b 49 10 49 8b f8 8b
0x00007ff863e91ca5:   53 30 48 8b 01 ff 50 20 4c 8b 43 50 48 8b d6 48
0x00007ff863e91cb5:   8b 4b 10 44 8b c8 e8 a8 fe ff ff 83 f8 ff 74 38 



---------------  P R O C E S S  ---------------

VM state: not at safepoint (not fully initialized)

VM Mutex/Monitor currently owned by a thread: None

CDS archive(s) mapped at: [0x0000000000000000-0x0000000000000000-0x0000000000000000), size 0, SharedBaseAddress: 0x0000000800000000, ArchiveRelocationMode: 1.
Narrow klass base: 0x0000000000000000, Narrow klass shift: 0, Narrow klass range: 0x0

GC Precious Log:
<Not initialized>


Dynamic libraries:
0x00007ff78e6c0000 - 0x00007ff78e6d0000 	C:\Program Files\Java\jdk-21\bin\javaw.exe
0x00007ff871750000 - 0x00007ff871948000 	C:\WINDOWS\SYSTEM32\ntdll.dll
0x00007ff8709a0000 - 0x00007ff870a5d000 	C:\WINDOWS\System32\KERNEL32.DLL
0x00007ff86e840000 - 0x00007ff86eb36000 	C:\WINDOWS\System32\KERNELBASE.dll
0x00007ff86e490000 - 0x00007ff86e590000 	C:\WINDOWS\System32\ucrtbase.dll
0x00007ff84c480000 - 0x00007ff84c499000 	C:\Program Files\Java\jdk-21\bin\jli.dll
0x00007ff871000000 - 0x00007ff8710b3000 	C:\WINDOWS\System32\ADVAPI32.dll
0x00007ff871670000 - 0x00007ff87170e000 	C:\WINDOWS\System32\msvcrt.dll
0x00007ff8710c0000 - 0x00007ff87115f000 	C:\WINDOWS\System32\sechost.dll
0x00007ff870ed0000 - 0x00007ff870ff6000 	C:\WINDOWS\System32\RPCRT4.dll
0x00007ff86eb40000 - 0x00007ff86eb67000 	C:\WINDOWS\System32\bcrypt.dll
0x00007ff8707a0000 - 0x00007ff87093e000 	C:\WINDOWS\System32\USER32.dll
0x00007ff86e6b0000 - 0x00007ff86e6d2000 	C:\WINDOWS\System32\win32u.dll
0x00007ff86f850000 - 0x00007ff86f87b000 	C:\WINDOWS\System32\GDI32.dll
0x00007ff86ecc0000 - 0x00007ff86edd7000 	C:\WINDOWS\System32\gdi32full.dll
0x00007ff86ec20000 - 0x00007ff86ecbd000 	C:\WINDOWS\System32\msvcp_win.dll
0x00007ff8450f0000 - 0x00007ff84510b000 	C:\Program Files\Java\jdk-21\bin\VCRUNTIME140.dll
0x00007ff855a10000 - 0x00007ff855caa000 	C:\WINDOWS\WinSxS\amd64_microsoft.windows.common-controls_6595b64144ccf1df_6.0.19041.3636_none_60b6a03d71f818d5\COMCTL32.dll
0x00007ff8605d0000 - 0x00007ff8605da000 	C:\WINDOWS\SYSTEM32\VERSION.dll
0x00007ff870590000 - 0x00007ff8705c2000 	C:\WINDOWS\System32\IMM32.DLL
0x00007ff864450000 - 0x00007ff86445c000 	C:\Program Files\Java\jdk-21\bin\vcruntime140_1.dll
0x00007ff83fa20000 - 0x00007ff83faae000 	C:\Program Files\Java\jdk-21\bin\msvcp140.dll
0x00007ff824300000 - 0x00007ff825017000 	C:\Program Files\Java\jdk-21\bin\server\jvm.dll
0x00007ff86ede0000 - 0x00007ff86ee4b000 	C:\WINDOWS\System32\WS2_32.dll
0x00007ff86e280000 - 0x00007ff86e2cb000 	C:\WINDOWS\SYSTEM32\POWRPROF.dll
0x00007ff86ace0000 - 0x00007ff86ad07000 	C:\WINDOWS\SYSTEM32\WINMM.dll
0x00007ff86e260000 - 0x00007ff86e272000 	C:\WINDOWS\SYSTEM32\UMPDC.dll
0x00007ff86c300000 - 0x00007ff86c312000 	C:\WINDOWS\SYSTEM32\kernel.appcore.dll
0x00007ff863e90000 - 0x00007ff863e9a000 	C:\Program Files\Java\jdk-21\bin\jimage.dll
0x00007ff8605e0000 - 0x00007ff8607c4000 	C:\WINDOWS\SYSTEM32\DBGHELP.DLL
0x00007ff85f7c0000 - 0x00007ff85f7f4000 	C:\WINDOWS\SYSTEM32\dbgcore.DLL
0x00007ff86e590000 - 0x00007ff86e612000 	C:\WINDOWS\System32\bcryptPrimitives.dll

dbghelp: loaded successfully - version: 4.0.5 - missing functions: none
symbol engine: initialized successfully - sym options: 0x614 - pdb path: .;C:\Program Files\Java\jdk-21\bin;C:\WINDOWS\SYSTEM32;C:\WINDOWS\WinSxS\amd64_microsoft.windows.common-controls_6595b64144ccf1df_6.0.19041.3636_none_60b6a03d71f818d5;C:\Program Files\Java\jdk-21\bin\server

VM Arguments:
java_command: <unknown>
java_class_path (initial): <not set>
Launcher Type: SUN_STANDARD

[Global flags]
     bool UseLargePagesIndividualAllocation        = false                                  {pd product} {ergonomic}

Logging:
Log output configuration:
 #0: stdout all=warning uptime,level,tags foldmultilines=false
 #1: stderr all=off uptime,level,tags foldmultilines=false

Environment Variables:
PATH=C:\Program Files\Common Files\Oracle\Java\javapath;C:\WINDOWS\system32;C:\WINDOWS;C:\WINDOWS\System32\Wbem;C:\WINDOWS\System32\WindowsPowerShell\v1.0\;C:\WINDOWS\System32\OpenSSH\;C:\Program Files\Java\jdk-21\bin;C:\Program Files\nodejs\;C:\Program Files\Git\cmd;C:\Program Files\MySQL\MySQL Shell 8.0\bin\;C:\Users\lenovo\AppData\Local\Microsoft\WindowsApps;;C:\Program Files\JetBrains\IntelliJ IDEA Community Edition 2023.2.5\bin;;C:\Users\lenovo\AppData\Local\Programs\Microsoft VS Code\bin;C:\Users\lenovo\AppData\Roaming\npm
USERNAME=lenovo
OS=Windows_NT
PROCESSOR_IDENTIFIER=Intel64 Family 6 Model 60 Stepping 3, GenuineIntel
TMP=C:\Users\lenovo\AppData\Local\Temp
TEMP=C:\Users\lenovo\AppData\Local\Temp




Periodic native trim disabled

---------------  S Y S T E M  ---------------

OS:
 Windows 10 , 64 bit Build 19041 (10.0.19041.3636)
OS uptime: 1 days 6:10 hours

CPU: total 4 (initial active 0) 
Processor Information for all 4 processors :
  Max Mhz: 3201, Current Mhz: 3201, Mhz Limit: 3201

Memory: 4k page, system-wide physical 8081M (1692M free)
TotalPageFile size 21452M (AvailPageFile size 13M)
current process WorkingSet (physical memory assigned to process): 7M, peak: 7M
current process commit charge ("private bytes"): 3M, peak: 3M

vm_info: Java HotSpot(TM) 64-Bit Server VM (21.0.2+13-LTS-58) for windows-amd64 JRE (21.0.2+13-LTS-58), built on 2024-01-05T18:32:24Z by "mach5one" with MS VC++ 17.1 (VS2022)

END.
