#
# There is insufficient memory for the Java Runtime Environment to continue.
# Native memory allocation (mmap) failed to map 134217728 bytes for G1 virtual space
# Possible reasons:
#   The system is out of physical RAM or swap space
#   The process is running with CompressedOops enabled, and the Java Heap may be blocking the growth of the native heap
# Possible solutions:
#   Reduce memory load on the system
#   Increase physical memory or swap space
#   Check if swap backing store is full
#   Decrease Java heap size (-Xmx/-Xms)
#   Decrease number of Java threads
#   Decrease Java thread stack sizes (-Xss)
#   Set larger code cache with -XX:ReservedCodeCacheSize=
#   JVM is running with Unscaled Compressed Oops mode in which the Java heap is
#     placed in the first 4GB address space. The Java Heap base address is the
#     maximum limit for the native heap growth. Please use -XX:HeapBaseMinAddress
#     to set the Java Heap base and to place the Java Heap above 4GB virtual address.
# This output file may be truncated or incomplete.
#
#  Out of Memory Error (os_windows.cpp:3600), pid=11472, tid=10988
#
# JRE version:  (21.0.2+13) (build )
# Java VM: Java HotSpot(TM) 64-Bit Server VM (21.0.2+13-LTS-58, mixed mode, sharing, tiered, compressed oops, compressed class ptrs, g1 gc, windows-amd64)
# No core dump will be written. Minidumps are not enabled by default on client versions of Windows
#

---------------  S U M M A R Y ------------

Command Line: -Dfile.encoding=UTF-8 -Dstdout.encoding=UTF-8 -Dstderr.encoding=UTF-8 -XX:+ShowCodeDetailsInExceptionMessages com.edubridge.controlers.RightTringle

Host: Intel(R) Core(TM) i5-4570 CPU @ 3.20GHz, 4 cores, 7G,  Windows 10 , 64 bit Build 19041 (10.0.19041.3636)
Time: Fri Feb 23 15:54:21 2024 India Standard Time elapsed time: 1.141542 seconds (0d 0h 0m 1s)

---------------  T H R E A D  ---------------

Current thread (0x00000194bb46bf10):  JavaThread "Unknown thread" [_thread_in_vm, id=10988, stack(0x00000051dbb00000,0x00000051dbc00000) (1024K)]

Stack: [0x00000051dbb00000,0x00000051dbc00000]
Native frames: (J=compiled Java code, j=interpreted, Vv=VM code, C=native code)
V  [jvm.dll+0x6cade9]
V  [jvm.dll+0x8569c1]
V  [jvm.dll+0x858d2e]
V  [jvm.dll+0x859413]
V  [jvm.dll+0x280e56]
V  [jvm.dll+0x6c74d5]
V  [jvm.dll+0x6bbeca]
V  [jvm.dll+0x355bca]
V  [jvm.dll+0x35d816]
V  [jvm.dll+0x3ae67e]
V  [jvm.dll+0x3ae928]
V  [jvm.dll+0x3295dc]
V  [jvm.dll+0x32a16b]
V  [jvm.dll+0x81efa9]
V  [jvm.dll+0x3bba01]
V  [jvm.dll+0x807928]
V  [jvm.dll+0x44f50e]
V  [jvm.dll+0x450e11]
C  [jli.dll+0x52a3]
C  [ucrtbase.dll+0x21bb2]
C  [KERNEL32.DLL+0x17344]
C  [ntdll.dll+0x526b1]


---------------  P R O C E S S  ---------------

Threads class SMR info:
_java_thread_list=0x00007ff824ecbb88, length=0, elements={
}

Java Threads: ( => current thread )
Total: 0

Other Threads:
  0x00000194bb63a360 WorkerThread "GC Thread#0"                     [id=9284, stack(0x00000051dbd00000,0x00000051dbe00000) (1024K)]
  0x00000194bb64b810 ConcurrentGCThread "G1 Main Marker"            [id=6068, stack(0x00000051dbe00000,0x00000051dbf00000) (1024K)]
  0x00000194bb64c320 WorkerThread "G1 Conc#0"                       [id=2924, stack(0x00000051dbf00000,0x00000051dc000000) (1024K)]

[error occurred during error reporting (printing all threads), id 0xc0000005, EXCEPTION_ACCESS_VIOLATION (0xc0000005) at pc=0x00007ff82463c6a7]
VM state: not at safepoint (not fully initialized)

VM Mutex/Monitor currently owned by a thread:  ([mutex/lock_event])
[0x00007ff824f3ce68] Heap_lock - owner thread: 0x00000194bb46bf10

Heap address: 0x0000000081a00000, size: 2022 MB, Compressed Oops mode: 32-bit

CDS archive(s) mapped at: [0x0000000000000000-0x0000000000000000-0x0000000000000000), size 0, SharedBaseAddress: 0x0000000800000000, ArchiveRelocationMode: 1.
Narrow klass base: 0x0000000000000000, Narrow klass shift: 0, Narrow klass range: 0x0

GC Precious Log:
 CardTable entry size: 512
 Card Set container configuration: InlinePtr #cards 5 size 8 Array Of Cards #cards 12 size 40 Howl #buckets 4 coarsen threshold 1843 Howl Bitmap #cards 512 size 80 coarsen threshold 460 Card regions per heap region 1 cards per card region 2048

Heap:
 garbage-first heap   total 0K, used 0K [0x0000000081a00000, 0x0000000100000000)
  region size 1024K, 0 young (0K), 0 survivors (0K)

[error occurred during error reporting (printing heap information), id 0xc0000005, EXCEPTION_ACCESS_VIOLATION (0xc0000005) at pc=0x00007ff824a239f9]
GC Heap History (0 events):
No events

Dll operation events (1 events):
Event: 0.178 Loaded shared library C:\Program Files\Java\jdk-21\bin\java.dll

Deoptimization events (0 events):
No events

Classes loaded (0 events):
No events

Classes unloaded (0 events):
No events

Classes redefined (0 events):
No events

Internal exceptions (0 events):
No events

ZGC Phase Switch (0 events):
No events

VM Operations (0 events):
No events

Events (0 events):
No events


Dynamic libraries:
0x00007ff78e6c0000 - 0x00007ff78e6d0000 	C:\Program Files\Java\jdk-21\bin\javaw.exe
0x00007ff871750000 - 0x00007ff871948000 	C:\WINDOWS\SYSTEM32\ntdll.dll
0x00007ff8709a0000 - 0x00007ff870a5d000 	C:\WINDOWS\System32\KERNEL32.DLL
0x00007ff86e840000 - 0x00007ff86eb36000 	C:\WINDOWS\System32\KERNELBASE.dll
0x00007ff86e490000 - 0x00007ff86e590000 	C:\WINDOWS\System32\ucrtbase.dll
0x00007ff84c480000 - 0x00007ff84c499000 	C:\Program Files\Java\jdk-21\bin\jli.dll
0x00007ff871000000 - 0x00007ff8710b3000 	C:\WINDOWS\System32\ADVAPI32.dll
0x00007ff871670000 - 0x00007ff87170e000 	C:\WINDOWS\System32\msvcrt.dll
0x00007ff8710c0000 - 0x00007ff87115f000 	C:\WINDOWS\System32\sechost.dll
0x00007ff870ed0000 - 0x00007ff870ff6000 	C:\WINDOWS\System32\RPCRT4.dll
0x00007ff86eb40000 - 0x00007ff86eb67000 	C:\WINDOWS\System32\bcrypt.dll
0x00007ff8707a0000 - 0x00007ff87093e000 	C:\WINDOWS\System32\USER32.dll
0x00007ff86e6b0000 - 0x00007ff86e6d2000 	C:\WINDOWS\System32\win32u.dll
0x00007ff86f850000 - 0x00007ff86f87b000 	C:\WINDOWS\System32\GDI32.dll
0x00007ff86ecc0000 - 0x00007ff86edd7000 	C:\WINDOWS\System32\gdi32full.dll
0x00007ff86ec20000 - 0x00007ff86ecbd000 	C:\WINDOWS\System32\msvcp_win.dll
0x00007ff8450f0000 - 0x00007ff84510b000 	C:\Program Files\Java\jdk-21\bin\VCRUNTIME140.dll
0x00007ff855a10000 - 0x00007ff855caa000 	C:\WINDOWS\WinSxS\amd64_microsoft.windows.common-controls_6595b64144ccf1df_6.0.19041.3636_none_60b6a03d71f818d5\COMCTL32.dll
0x00007ff8605d0000 - 0x00007ff8605da000 	C:\WINDOWS\SYSTEM32\VERSION.dll
0x00007ff870590000 - 0x00007ff8705c2000 	C:\WINDOWS\System32\IMM32.DLL
0x00007ff864450000 - 0x00007ff86445c000 	C:\Program Files\Java\jdk-21\bin\vcruntime140_1.dll
0x00007ff83fa20000 - 0x00007ff83faae000 	C:\Program Files\Java\jdk-21\bin\msvcp140.dll
0x00007ff824300000 - 0x00007ff825017000 	C:\Program Files\Java\jdk-21\bin\server\jvm.dll
0x00007ff86ede0000 - 0x00007ff86ee4b000 	C:\WINDOWS\System32\WS2_32.dll
0x00007ff86e280000 - 0x00007ff86e2cb000 	C:\WINDOWS\SYSTEM32\POWRPROF.dll
0x00007ff86ace0000 - 0x00007ff86ad07000 	C:\WINDOWS\SYSTEM32\WINMM.dll
0x00007ff86e260000 - 0x00007ff86e272000 	C:\WINDOWS\SYSTEM32\UMPDC.dll
0x00007ff86c300000 - 0x00007ff86c312000 	C:\WINDOWS\SYSTEM32\kernel.appcore.dll
0x00007ff863e90000 - 0x00007ff863e9a000 	C:\Program Files\Java\jdk-21\bin\jimage.dll
0x00007ff8605e0000 - 0x00007ff8607c4000 	C:\WINDOWS\SYSTEM32\DBGHELP.DLL
0x00007ff85f7c0000 - 0x00007ff85f7f4000 	C:\WINDOWS\SYSTEM32\dbgcore.DLL
0x00007ff86e590000 - 0x00007ff86e612000 	C:\WINDOWS\System32\bcryptPrimitives.dll
0x00007ff8423f0000 - 0x00007ff84240f000 	C:\Program Files\Java\jdk-21\bin\java.dll

dbghelp: loaded successfully - version: 4.0.5 - missing functions: none
symbol engine: initialized successfully - sym options: 0x614 - pdb path: .;C:\Program Files\Java\jdk-21\bin;C:\WINDOWS\SYSTEM32;C:\WINDOWS\WinSxS\amd64_microsoft.windows.common-controls_6595b64144ccf1df_6.0.19041.3636_none_60b6a03d71f818d5;C:\Program Files\Java\jdk-21\bin\server

VM Arguments:
jvm_args: -Dfile.encoding=UTF-8 -Dstdout.encoding=UTF-8 -Dstderr.encoding=UTF-8 -XX:+ShowCodeDetailsInExceptionMessages 
java_command: com.edubridge.controlers.RightTringle
java_class_path (initial): D:\ChetanChandekar_11221Java\TypesoOfOperators\bin
Launcher Type: SUN_STANDARD

[Global flags]
     intx CICompilerCount                          = 3                                         {product} {ergonomic}
     uint ConcGCThreads                            = 1                                         {product} {ergonomic}
     uint G1ConcRefinementThreads                  = 4                                         {product} {ergonomic}
   size_t G1HeapRegionSize                         = 1048576                                   {product} {ergonomic}
    uintx GCDrainStackTargetSize                   = 64                                        {product} {ergonomic}
   size_t InitialHeapSize                          = 134217728                                 {product} {ergonomic}
   size_t MarkStackSize                            = 4194304                                   {product} {ergonomic}
   size_t MaxHeapSize                              = 2120220672                                {product} {ergonomic}
   size_t MinHeapDeltaBytes                        = 1048576                                   {product} {ergonomic}
   size_t MinHeapSize                              = 8388608                                   {product} {ergonomic}
    uintx NonNMethodCodeHeapSize                   = 5832780                                {pd product} {ergonomic}
    uintx NonProfiledCodeHeapSize                  = 122912730                              {pd product} {ergonomic}
    uintx ProfiledCodeHeapSize                     = 122912730                              {pd product} {ergonomic}
    uintx ReservedCodeCacheSize                    = 251658240                              {pd product} {ergonomic}
     bool SegmentedCodeCache                       = true                                      {product} {ergonomic}
     bool ShowCodeDetailsInExceptionMessages       = true                                   {manageable} {command line}
   size_t SoftMaxHeapSize                          = 2120220672                             {manageable} {ergonomic}
     bool UseCompressedOops                        = true                           {product lp64_product} {ergonomic}
     bool UseG1GC                                  = true                                      {product} {ergonomic}
     bool UseLargePagesIndividualAllocation        = false                                  {pd product} {ergonomic}

Logging:
Log output configuration:
 #0: stdout all=warning uptime,level,tags foldmultilines=false
 #1: stderr all=off uptime,level,tags foldmultilines=false

Environment Variables:
PATH=C:\Program Files\Common Files\Oracle\Java\javapath;C:\WINDOWS\system32;C:\WINDOWS;C:\WINDOWS\System32\Wbem;C:\WINDOWS\System32\WindowsPowerShell\v1.0\;C:\WINDOWS\System32\OpenSSH\;C:\Program Files\Java\jdk-21\bin;C:\Program Files\nodejs\;C:\Program Files\Git\cmd;C:\Program Files\MySQL\MySQL Shell 8.0\bin\;C:\Users\lenovo\AppData\Local\Microsoft\WindowsApps;;C:\Program Files\JetBrains\IntelliJ IDEA Community Edition 2023.2.5\bin;;C:\Users\lenovo\AppData\Local\Programs\Microsoft VS Code\bin;C:\Users\lenovo\AppData\Roaming\npm
USERNAME=lenovo
OS=Windows_NT
PROCESSOR_IDENTIFIER=Intel64 Family 6 Model 60 Stepping 3, GenuineIntel
TMP=C:\Users\lenovo\AppData\Local\Temp
TEMP=C:\Users\lenovo\AppData\Local\Temp




Periodic native trim disabled

---------------  S Y S T E M  ---------------

OS:
 Windows 10 , 64 bit Build 19041 (10.0.19041.3636)
OS uptime: 1 days 6:10 hours

CPU: total 4 (initial active 4) (4 cores per cpu, 1 threads per core) family 6 model 60 stepping 3 microcode 0x27, cx8, cmov, fxsr, mmx, sse, sse2, sse3, ssse3, sse4.1, sse4.2, popcnt, lzcnt, tsc, tscinvbit, avx, avx2, aes, erms, clmul, bmi1, bmi2, fma, vzeroupper, clflush, rdtscp, f16c
Processor Information for all 4 processors :
  Max Mhz: 3201, Current Mhz: 3201, Mhz Limit: 3201

Memory: 4k page, system-wide physical 8081M (1692M free)
TotalPageFile size 21452M (AvailPageFile size 0M)
current process WorkingSet (physical memory assigned to process): 10M, peak: 10M
current process commit charge ("private bytes"): 51M, peak: 179M

vm_info: Java HotSpot(TM) 64-Bit Server VM (21.0.2+13-LTS-58) for windows-amd64 JRE (21.0.2+13-LTS-58), built on 2024-01-05T18:32:24Z by "mach5one" with MS VC++ 17.1 (VS2022)

END.
